Either kinase or substrate or motif information is required. 
              Pass argument --k, --sp, --sm for kinase, susbtrate protein and motif respectively.
               If you need all prediction, download from KSFinder 2.0 repository.
Predictions are available at:
output/pred_20250120_122556.csv
output/pred_20250120_122604.csv
output/pred_20250120_122612.csv
output/pred_20250120_122619.csv
output/pred_20250120_122627.csv
output/pred_20250120_122634.csv
output/pred_20250120_122642.csv
output/pred_20250120_122649.csv
output/pred_20250120_122657.csv
output/pred_20250120_122705.csv
output/pred_20250120_122712.csv
output/pred_20250120_122719.csv
output/pred_20250120_122727.csv
output/pred_20250120_122734.csv
output/pred_20250120_122742.csv
output/pred_20250120_122750.csv
output/pred_20250120_122757.csv
output/pred_20250120_122805.csv
output/pred_20250120_122812.csv
output/pred_20250120_122820.csv
output/pred_20250120_122828.csv
output/pred_20250120_122835.csv
output/pred_20250120_122843.csv
output/pred_20250120_122851.csv
output/pred_20250120_122858.csv
output/pred_20250120_122906.csv
output/pred_20250120_122913.csv
output/pred_20250120_122921.csv
output/pred_20250120_122929.csv
output/pred_20250120_122936.csv
output/pred_20250120_122944.csv
output/pred_20250120_122951.csv
output/pred_20250120_122958.csv
output/pred_20250120_123005.csv
output/pred_20250120_123012.csv
output/pred_20250120_123019.csv
output/pred_20250120_123027.csv
output/pred_20250120_123034.csv
output/pred_20250120_123041.csv
output/pred_20250120_123048.csv
output/pred_20250120_123055.csv
output/pred_20250120_123102.csv
output/pred_20250120_123109.csv
output/pred_20250120_123116.csv
output/pred_20250120_123123.csv
output/pred_20250120_123131.csv
output/pred_20250120_123138.csv
output/pred_20250120_123145.csv
output/pred_20250120_123152.csv
output/pred_20250120_123159.csv
output/pred_20250120_123206.csv
output/pred_20250120_123213.csv
output/pred_20250120_123220.csv
output/pred_20250120_123227.csv
output/pred_20250120_123234.csv
output/pred_20250120_123242.csv
output/pred_20250120_123249.csv
output/pred_20250120_123256.csv
output/pred_20250120_123303.csv
output/pred_20250120_123310.csv
output/pred_20250120_123317.csv
output/pred_20250120_123324.csv
output/pred_20250120_123331.csv
output/pred_20250120_123338.csv
output/pred_20250120_123346.csv
output/pred_20250120_123353.csv
output/pred_20250120_123400.csv
output/pred_20250120_123407.csv
output/pred_20250120_123414.csv
output/pred_20250120_123421.csv
output/pred_20250120_123428.csv
output/pred_20250120_123436.csv
output/pred_20250120_123443.csv
output/pred_20250120_123450.csv
output/pred_20250120_123457.csv
output/pred_20250120_123504.csv
output/pred_20250120_123511.csv
output/pred_20250120_123518.csv
output/pred_20250120_123525.csv
output/pred_20250120_123532.csv
output/pred_20250120_123540.csv
output/pred_20250120_123547.csv
output/pred_20250120_123554.csv
output/pred_20250120_123601.csv
output/pred_20250120_123608.csv
output/pred_20250120_123615.csv
output/pred_20250120_123622.csv
output/pred_20250120_123629.csv
output/pred_20250120_123637.csv
output/pred_20250120_123644.csv
output/pred_20250120_123651.csv
output/pred_20250120_123658.csv
output/pred_20250120_123705.csv
output/pred_20250120_123712.csv
output/pred_20250120_123719.csv
output/pred_20250120_123726.csv
output/pred_20250120_123733.csv
output/pred_20250120_123740.csv
output/pred_20250120_123747.csv
output/pred_20250120_123754.csv
output/pred_20250120_123802.csv
output/pred_20250120_123809.csv
output/pred_20250120_123816.csv
output/pred_20250120_123823.csv
output/pred_20250120_123830.csv
output/pred_20250120_123837.csv
output/pred_20250120_123844.csv
output/pred_20250120_123851.csv
output/pred_20250120_123858.csv
output/pred_20250120_123905.csv
output/pred_20250120_123912.csv
output/pred_20250120_123919.csv
output/pred_20250120_123926.csv
output/pred_20250120_123933.csv
output/pred_20250120_123940.csv
output/pred_20250120_123947.csv
output/pred_20250120_123954.csv
output/pred_20250120_124001.csv
output/pred_20250120_124009.csv
output/pred_20250120_124016.csv
output/pred_20250120_124023.csv
output/pred_20250120_124030.csv
output/pred_20250120_124037.csv
output/pred_20250120_124044.csv
output/pred_20250120_124051.csv
output/pred_20250120_124058.csv
output/pred_20250120_124105.csv
output/pred_20250120_124112.csv
output/pred_20250120_124119.csv
output/pred_20250120_124126.csv
output/pred_20250120_124133.csv
output/pred_20250120_124140.csv
output/pred_20250120_124147.csv
output/pred_20250120_124155.csv
output/pred_20250120_124202.csv
output/pred_20250120_124209.csv
output/pred_20250120_124216.csv
output/pred_20250120_124223.csv
output/pred_20250120_124230.csv
output/pred_20250120_124237.csv
output/pred_20250120_124244.csv
output/pred_20250120_124251.csv
output/pred_20250120_124258.csv
output/pred_20250120_124305.csv
output/pred_20250120_124312.csv
output/pred_20250120_124320.csv
output/pred_20250120_124327.csv
output/pred_20250120_124334.csv
output/pred_20250120_124341.csv
output/pred_20250120_124349.csv
output/pred_20250120_124356.csv
output/pred_20250120_124403.csv
output/pred_20250120_124410.csv
output/pred_20250120_124417.csv
output/pred_20250120_124424.csv
output/pred_20250120_124431.csv
output/pred_20250120_124439.csv
output/pred_20250120_124446.csv
output/pred_20250120_124453.csv
output/pred_20250120_124500.csv
output/pred_20250120_124507.csv
output/pred_20250120_124514.csv
output/pred_20250120_124521.csv
output/pred_20250120_124528.csv
output/pred_20250120_124535.csv
output/pred_20250120_124542.csv
output/pred_20250120_124550.csv
output/pred_20250120_124557.csv
output/pred_20250120_124604.csv
output/pred_20250120_124611.csv
output/pred_20250120_124618.csv
output/pred_20250120_124625.csv
output/pred_20250120_124632.csv
output/pred_20250120_124639.csv
output/pred_20250120_124646.csv
output/pred_20250120_124653.csv
output/pred_20250120_124701.csv
output/pred_20250120_124708.csv
output/pred_20250120_124715.csv
output/pred_20250120_124722.csv
output/pred_20250120_124729.csv
output/pred_20250120_124736.csv
output/pred_20250120_124743.csv
output/pred_20250120_124750.csv
output/pred_20250120_124757.csv
output/pred_20250120_124804.csv
output/pred_20250120_124811.csv
output/pred_20250120_124818.csv
output/pred_20250120_124825.csv
output/pred_20250120_124832.csv
output/pred_20250120_124839.csv
output/pred_20250120_124846.csv
output/pred_20250120_124853.csv
output/pred_20250120_124900.csv
output/pred_20250120_124907.csv
output/pred_20250120_124914.csv
output/pred_20250120_124921.csv
output/pred_20250120_124928.csv
output/pred_20250120_124935.csv
output/pred_20250120_124942.csv
output/pred_20250120_124949.csv
output/pred_20250120_124956.csv
output/pred_20250120_125003.csv
output/pred_20250120_125010.csv
output/pred_20250120_125017.csv
output/pred_20250120_125024.csv
output/pred_20250120_125031.csv
output/pred_20250120_125038.csv
output/pred_20250120_125045.csv
output/pred_20250120_125052.csv
output/pred_20250120_125100.csv
output/pred_20250120_125107.csv
output/pred_20250120_125114.csv
output/pred_20250120_125121.csv
output/pred_20250120_125128.csv
output/pred_20250120_125135.csv
output/pred_20250120_125142.csv
output/pred_20250120_125149.csv
output/pred_20250120_125156.csv
output/pred_20250120_125203.csv
output/pred_20250120_125210.csv
output/pred_20250120_125218.csv
output/pred_20250120_125225.csv
output/pred_20250120_125232.csv
output/pred_20250120_125239.csv
output/pred_20250120_125246.csv
output/pred_20250120_125254.csv
output/pred_20250120_125301.csv
output/pred_20250120_125308.csv
output/pred_20250120_125315.csv
output/pred_20250120_125322.csv
output/pred_20250120_125330.csv
output/pred_20250120_125337.csv
output/pred_20250120_125344.csv
output/pred_20250120_125351.csv
output/pred_20250120_125358.csv
output/pred_20250120_125405.csv
output/pred_20250120_125413.csv
output/pred_20250120_125420.csv
output/pred_20250120_125427.csv
output/pred_20250120_125434.csv
output/pred_20250120_125441.csv
output/pred_20250120_125448.csv
output/pred_20250120_125455.csv
output/pred_20250120_125503.csv
output/pred_20250120_125510.csv
output/pred_20250120_125517.csv
output/pred_20250120_125524.csv
output/pred_20250120_125531.csv
output/pred_20250120_125538.csv
output/pred_20250120_125545.csv
output/pred_20250120_125552.csv
output/pred_20250120_125559.csv
output/pred_20250120_125606.csv
output/pred_20250120_125614.csv
output/pred_20250120_125621.csv
output/pred_20250120_125628.csv
output/pred_20250120_125635.csv
output/pred_20250120_125642.csv
output/pred_20250120_125649.csv
output/pred_20250120_125656.csv
output/pred_20250120_125703.csv
output/pred_20250120_125711.csv
output/pred_20250120_125718.csv
output/pred_20250120_125725.csv
output/pred_20250120_125732.csv
output/pred_20250120_125739.csv
output/pred_20250120_125746.csv
output/pred_20250120_125753.csv
output/pred_20250120_125800.csv
output/pred_20250120_125807.csv
output/pred_20250120_125814.csv
output/pred_20250120_125821.csv
output/pred_20250120_125828.csv
output/pred_20250120_125835.csv
output/pred_20250120_125842.csv
output/pred_20250120_125849.csv
output/pred_20250120_125857.csv
output/pred_20250120_125904.csv
output/pred_20250120_125911.csv
output/pred_20250120_125918.csv
output/pred_20250120_125925.csv
output/pred_20250120_125932.csv
output/pred_20250120_125939.csv
output/pred_20250120_125946.csv
output/pred_20250120_125953.csv
output/pred_20250120_130001.csv
output/pred_20250120_130008.csv
output/pred_20250120_130015.csv
output/pred_20250120_130022.csv
output/pred_20250120_130029.csv
output/pred_20250120_130036.csv
output/pred_20250120_130043.csv
output/pred_20250120_130050.csv
output/pred_20250120_130057.csv
output/pred_20250120_130104.csv
output/pred_20250120_130111.csv
output/pred_20250120_130119.csv
output/pred_20250120_130126.csv
output/pred_20250120_130133.csv
output/pred_20250120_130140.csv
output/pred_20250120_130148.csv
output/pred_20250120_130155.csv
output/pred_20250120_130202.csv
output/pred_20250120_130209.csv
output/pred_20250120_130216.csv
output/pred_20250120_130224.csv
output/pred_20250120_130231.csv
output/pred_20250120_130238.csv
output/pred_20250120_130245.csv
output/pred_20250120_130252.csv
output/pred_20250120_130259.csv
output/pred_20250120_130306.csv
output/pred_20250120_130313.csv
output/pred_20250120_130320.csv
output/pred_20250120_130327.csv
output/pred_20250120_130334.csv
output/pred_20250120_130341.csv
output/pred_20250120_130348.csv
output/pred_20250120_130355.csv
output/pred_20250120_130402.csv
output/pred_20250120_130409.csv
output/pred_20250120_130416.csv
output/pred_20250120_130423.csv
output/pred_20250120_130430.csv
output/pred_20250120_130437.csv
output/pred_20250120_130444.csv
output/pred_20250120_130452.csv
output/pred_20250120_130459.csv
output/pred_20250120_130506.csv
output/pred_20250120_130513.csv
output/pred_20250120_130520.csv
output/pred_20250120_130527.csv
output/pred_20250120_130534.csv
output/pred_20250120_130541.csv
output/pred_20250120_130548.csv
output/pred_20250120_130555.csv
output/pred_20250120_130602.csv
output/pred_20250120_130609.csv
output/pred_20250120_130616.csv
output/pred_20250120_130623.csv
output/pred_20250120_130630.csv
output/pred_20250120_130637.csv
output/pred_20250120_130644.csv
output/pred_20250120_130651.csv
output/pred_20250120_130658.csv
output/pred_20250120_130705.csv
output/pred_20250120_130712.csv
output/pred_20250120_130719.csv
output/pred_20250120_130727.csv
output/pred_20250120_130734.csv
output/pred_20250120_130741.csv
output/pred_20250120_130748.csv
output/pred_20250120_130755.csv
output/pred_20250120_130802.csv
output/pred_20250120_130809.csv
output/pred_20250120_130816.csv
output/pred_20250120_130824.csv
output/pred_20250120_130831.csv
output/pred_20250120_130838.csv
output/pred_20250120_130845.csv
output/pred_20250120_130852.csv
output/pred_20250120_130859.csv
output/pred_20250120_130907.csv
output/pred_20250120_130914.csv
output/pred_20250120_130921.csv
output/pred_20250120_130928.csv
output/pred_20250120_130935.csv
output/pred_20250120_130942.csv
output/pred_20250120_130950.csv
output/pred_20250120_130957.csv
output/pred_20250120_131004.csv
output/pred_20250120_131011.csv
output/pred_20250120_131018.csv
output/pred_20250120_131025.csv
output/pred_20250120_131032.csv
output/pred_20250120_131040.csv
output/pred_20250120_131047.csv
output/pred_20250120_131054.csv
output/pred_20250120_131101.csv
output/pred_20250120_131108.csv
output/pred_20250120_131115.csv
output/pred_20250120_131122.csv
output/pred_20250120_131129.csv
output/pred_20250120_131136.csv
output/pred_20250120_131143.csv
output/pred_20250120_131151.csv
output/pred_20250120_131158.csv
output/pred_20250120_131205.csv
output/pred_20250120_131212.csv
output/pred_20250120_131219.csv
output/pred_20250120_131226.csv
output/pred_20250120_131233.csv
output/pred_20250120_131240.csv
output/pred_20250120_131247.csv
output/pred_20250120_131254.csv
output/pred_20250120_131301.csv
output/pred_20250120_131308.csv
output/pred_20250120_131315.csv
output/pred_20250120_131322.csv
output/pred_20250120_131329.csv
output/pred_20250120_131336.csv
output/pred_20250120_131344.csv
output/pred_20250120_131351.csv
output/pred_20250120_131358.csv
output/pred_20250120_131405.csv
output/pred_20250120_131412.csv
output/pred_20250120_131419.csv
output/pred_20250120_131426.csv
output/pred_20250120_131433.csv
output/pred_20250120_131440.csv
output/pred_20250120_131447.csv
output/pred_20250120_131454.csv
output/pred_20250120_131501.csv
output/pred_20250120_131508.csv
output/pred_20250120_131515.csv
output/pred_20250120_131522.csv
output/pred_20250120_131529.csv
output/pred_20250120_131537.csv
output/pred_20250120_131544.csv
output/pred_20250120_131551.csv
output/pred_20250120_131558.csv
output/pred_20250120_131605.csv
output/pred_20250120_131612.csv
output/pred_20250120_131619.csv
output/pred_20250120_131626.csv
output/pred_20250120_131633.csv
output/pred_20250120_131640.csv
output/pred_20250120_131647.csv
output/pred_20250120_131654.csv
output/pred_20250120_131701.csv
output/pred_20250120_131708.csv
output/pred_20250120_131715.csv
output/pred_20250120_131722.csv
output/pred_20250120_131729.csv
output/pred_20250120_131736.csv
output/pred_20250120_131743.csv
output/pred_20250120_131751.csv
output/pred_20250120_131758.csv
output/pred_20250120_131805.csv
output/pred_20250120_131812.csv
output/pred_20250120_131819.csv
output/pred_20250120_131827.csv
output/pred_20250120_131834.csv
output/pred_20250120_131841.csv
output/pred_20250120_131848.csv
output/pred_20250120_131855.csv
output/pred_20250120_131902.csv
output/pred_20250120_131909.csv
output/pred_20250120_131917.csv
output/pred_20250120_131924.csv
output/pred_20250120_131931.csv
output/pred_20250120_131939.csv
output/pred_20250120_131946.csv
output/pred_20250120_131953.csv
output/pred_20250120_132001.csv
output/pred_20250120_132008.csv
output/pred_20250120_132015.csv
output/pred_20250120_132022.csv
output/pred_20250120_132029.csv
output/pred_20250120_132037.csv
output/pred_20250120_132044.csv
output/pred_20250120_132051.csv
output/pred_20250120_132058.csv
output/pred_20250120_132106.csv
output/pred_20250120_132113.csv
output/pred_20250120_132120.csv
output/pred_20250120_132127.csv
output/pred_20250120_132134.csv
output/pred_20250120_132141.csv
output/pred_20250120_132148.csv
output/pred_20250120_132155.csv
output/pred_20250120_132202.csv
output/pred_20250120_132209.csv
output/pred_20250120_132216.csv
output/pred_20250120_132223.csv
output/pred_20250120_132230.csv
output/pred_20250120_132237.csv
output/pred_20250120_132244.csv
output/pred_20250120_132251.csv
output/pred_20250120_132258.csv
output/pred_20250120_132306.csv
output/pred_20250120_132313.csv
output/pred_20250120_132320.csv
output/pred_20250120_132327.csv
output/pred_20250120_132334.csv
output/pred_20250120_132341.csv
output/pred_20250120_132348.csv
output/pred_20250120_132355.csv
output/pred_20250120_132402.csv
output/pred_20250120_132409.csv
output/pred_20250120_132416.csv
output/pred_20250120_132423.csv
output/pred_20250120_132430.csv
output/pred_20250120_132437.csv
output/pred_20250120_132444.csv
output/pred_20250120_132451.csv
output/pred_20250120_132458.csv
output/pred_20250120_132505.csv
output/pred_20250120_132512.csv
output/pred_20250120_132519.csv
output/pred_20250120_132525.csv
output/pred_20250120_132532.csv
output/pred_20250120_132539.csv
output/pred_20250120_132546.csv
output/pred_20250120_132553.csv
output/pred_20250120_132600.csv
output/pred_20250120_132607.csv
output/pred_20250120_132614.csv
output/pred_20250120_132621.csv
output/pred_20250120_132627.csv
output/pred_20250120_132634.csv
output/pred_20250120_132641.csv
output/pred_20250120_132648.csv
output/pred_20250120_132655.csv
output/pred_20250120_132702.csv
output/pred_20250120_132709.csv
output/pred_20250120_132716.csv
output/pred_20250120_132723.csv
output/pred_20250120_132730.csv
output/pred_20250120_132737.csv
output/pred_20250120_132744.csv
output/pred_20250120_132751.csv
output/pred_20250120_132758.csv
output/pred_20250120_132805.csv
output/pred_20250120_132812.csv
output/pred_20250120_132819.csv
output/pred_20250120_132826.csv
output/pred_20250120_132833.csv
output/pred_20250120_132840.csv
output/pred_20250120_132847.csv
output/pred_20250120_132854.csv
output/pred_20250120_132901.csv
output/pred_20250120_132908.csv
output/pred_20250120_132915.csv
output/pred_20250120_132922.csv
output/pred_20250120_132929.csv
output/pred_20250120_132936.csv
output/pred_20250120_132943.csv
output/pred_20250120_132950.csv
output/pred_20250120_132957.csv
output/pred_20250120_133004.csv
output/pred_20250120_133010.csv
output/pred_20250120_133017.csv
output/pred_20250120_133024.csv
output/pred_20250120_133031.csv
output/pred_20250120_133038.csv
output/pred_20250120_133045.csv
output/pred_20250120_133052.csv
output/pred_20250120_133059.csv
output/pred_20250120_133106.csv
output/pred_20250120_133113.csv
output/pred_20250120_133120.csv
output/pred_20250120_133127.csv
output/pred_20250120_133133.csv
output/pred_20250120_133140.csv
output/pred_20250120_133147.csv
output/pred_20250120_133154.csv
output/pred_20250120_133201.csv
output/pred_20250120_133208.csv
output/pred_20250120_133215.csv
output/pred_20250120_133222.csv
output/pred_20250120_133229.csv
output/pred_20250120_133236.csv
output/pred_20250120_133243.csv
output/pred_20250120_133250.csv
output/pred_20250120_133257.csv
output/pred_20250120_133304.csv
output/pred_20250120_133311.csv
output/pred_20250120_133318.csv
output/pred_20250120_133325.csv
output/pred_20250120_133332.csv
output/pred_20250120_133339.csv
output/pred_20250120_133346.csv
output/pred_20250120_133353.csv
output/pred_20250120_133400.csv
output/pred_20250120_133407.csv
output/pred_20250120_133414.csv
output/pred_20250120_133421.csv
output/pred_20250120_133428.csv
output/pred_20250120_133435.csv
output/pred_20250120_133441.csv
output/pred_20250120_133449.csv
output/pred_20250120_133455.csv
output/pred_20250120_133502.csv
output/pred_20250120_133509.csv
output/pred_20250120_133516.csv
output/pred_20250120_133523.csv
output/pred_20250120_133530.csv
output/pred_20250120_133537.csv
output/pred_20250120_133544.csv
output/pred_20250120_133550.csv
output/pred_20250120_133557.csv
output/pred_20250120_133604.csv
output/pred_20250120_133611.csv
output/pred_20250120_133618.csv
output/pred_20250120_133625.csv
output/pred_20250120_133632.csv
output/pred_20250120_133638.csv
output/pred_20250120_133645.csv
output/pred_20250120_133652.csv
output/pred_20250120_133659.csv
output/pred_20250120_133706.csv
output/pred_20250120_133713.csv
output/pred_20250120_133720.csv
output/pred_20250120_133727.csv
output/pred_20250120_133734.csv
output/pred_20250120_133741.csv
output/pred_20250120_133748.csv
output/pred_20250120_133755.csv
output/pred_20250120_133802.csv
output/pred_20250120_133809.csv
output/pred_20250120_133816.csv
output/pred_20250120_133823.csv
output/pred_20250120_133830.csv
output/pred_20250120_133837.csv
output/pred_20250120_133844.csv
output/pred_20250120_133851.csv
output/pred_20250120_133857.csv
output/pred_20250120_133904.csv
output/pred_20250120_133911.csv
output/pred_20250120_133918.csv
output/pred_20250120_133925.csv
output/pred_20250120_133932.csv
output/pred_20250120_133939.csv
output/pred_20250120_133946.csv
output/pred_20250120_133952.csv
output/pred_20250120_133959.csv
output/pred_20250120_134006.csv
output/pred_20250120_134013.csv
output/pred_20250120_134020.csv
output/pred_20250120_134027.csv
output/pred_20250120_134034.csv
output/pred_20250120_134041.csv
output/pred_20250120_134048.csv
output/pred_20250120_134055.csv
output/pred_20250120_134101.csv
output/pred_20250120_134108.csv
output/pred_20250120_134115.csv
output/pred_20250120_134122.csv
output/pred_20250120_134129.csv
output/pred_20250120_134136.csv
output/pred_20250120_134143.csv
output/pred_20250120_134149.csv
output/pred_20250120_134156.csv
output/pred_20250120_134203.csv
output/pred_20250120_134210.csv
output/pred_20250120_134217.csv
output/pred_20250120_134224.csv
output/pred_20250120_134230.csv
output/pred_20250120_134237.csv
output/pred_20250120_134244.csv
output/pred_20250120_134251.csv
output/pred_20250120_134258.csv
output/pred_20250120_134305.csv
output/pred_20250120_134312.csv
output/pred_20250120_134319.csv
output/pred_20250120_134326.csv
output/pred_20250120_134333.csv
output/pred_20250120_134340.csv
output/pred_20250120_134346.csv
output/pred_20250120_134353.csv
output/pred_20250120_134400.csv
output/pred_20250120_134407.csv
output/pred_20250120_134414.csv
output/pred_20250120_134421.csv
output/pred_20250120_134428.csv
output/pred_20250120_134434.csv
output/pred_20250120_134441.csv
output/pred_20250120_134448.csv
output/pred_20250120_134455.csv
output/pred_20250120_134502.csv
output/pred_20250120_134509.csv
output/pred_20250120_134516.csv
output/pred_20250120_134523.csv
output/pred_20250120_134530.csv
output/pred_20250120_134537.csv
output/pred_20250120_134544.csv
output/pred_20250120_134551.csv
output/pred_20250120_134558.csv
output/pred_20250120_134605.csv
output/pred_20250120_134612.csv
output/pred_20250120_134619.csv
output/pred_20250120_134626.csv
output/pred_20250120_134633.csv
output/pred_20250120_134640.csv
output/pred_20250120_134646.csv
output/pred_20250120_134653.csv
output/pred_20250120_134700.csv
output/pred_20250120_134707.csv
output/pred_20250120_134714.csv
output/pred_20250120_134721.csv
output/pred_20250120_134728.csv
output/pred_20250120_134735.csv
output/pred_20250120_134742.csv
output/pred_20250120_134749.csv
output/pred_20250120_134756.csv
output/pred_20250120_134803.csv
output/pred_20250120_134810.csv
output/pred_20250120_134816.csv
output/pred_20250120_134823.csv
output/pred_20250120_134830.csv
output/pred_20250120_134837.csv
output/pred_20250120_134844.csv
output/pred_20250120_134851.csv
output/pred_20250120_134858.csv
output/pred_20250120_134904.csv
output/pred_20250120_134911.csv
output/pred_20250120_134918.csv
output/pred_20250120_134925.csv
output/pred_20250120_134932.csv
output/pred_20250120_134939.csv
output/pred_20250120_134946.csv
output/pred_20250120_134953.csv
output/pred_20250120_135000.csv
output/pred_20250120_135007.csv
output/pred_20250120_135013.csv
output/pred_20250120_135020.csv
output/pred_20250120_135027.csv
output/pred_20250120_135034.csv
output/pred_20250120_135041.csv
output/pred_20250120_135048.csv
output/pred_20250120_135055.csv
output/pred_20250120_135102.csv
output/pred_20250120_135109.csv
output/pred_20250120_135115.csv
output/pred_20250120_135122.csv
output/pred_20250120_135129.csv
output/pred_20250120_135136.csv
output/pred_20250120_135143.csv
output/pred_20250120_135150.csv
output/pred_20250120_135157.csv
output/pred_20250120_135204.csv
output/pred_20250120_135211.csv
output/pred_20250120_135218.csv
output/pred_20250120_135225.csv
output/pred_20250120_135232.csv
output/pred_20250120_135239.csv
output/pred_20250120_135246.csv
output/pred_20250120_135253.csv
output/pred_20250120_135259.csv
output/pred_20250120_135306.csv
output/pred_20250120_135313.csv
output/pred_20250120_135320.csv
output/pred_20250120_135327.csv
output/pred_20250120_135334.csv
output/pred_20250120_135341.csv
output/pred_20250120_135347.csv
output/pred_20250120_135354.csv
output/pred_20250120_135401.csv
output/pred_20250120_135408.csv
output/pred_20250120_135415.csv
output/pred_20250120_135422.csv
output/pred_20250120_135429.csv
output/pred_20250120_135435.csv
output/pred_20250120_135442.csv
output/pred_20250120_135449.csv
output/pred_20250120_135456.csv
output/pred_20250120_135503.csv
output/pred_20250120_135510.csv
output/pred_20250120_135517.csv
output/pred_20250120_135523.csv
output/pred_20250120_135530.csv
output/pred_20250120_135537.csv
output/pred_20250120_135544.csv
output/pred_20250120_135551.csv
output/pred_20250120_135558.csv
output/pred_20250120_135604.csv
output/pred_20250120_135611.csv
output/pred_20250120_135618.csv
output/pred_20250120_135625.csv
output/pred_20250120_135632.csv
output/pred_20250120_135639.csv
output/pred_20250120_135645.csv
output/pred_20250120_135652.csv
output/pred_20250120_135659.csv
output/pred_20250120_135706.csv
output/pred_20250120_135713.csv
output/pred_20250120_135720.csv
output/pred_20250120_135727.csv
output/pred_20250120_135733.csv
output/pred_20250120_135740.csv
output/pred_20250120_135747.csv
output/pred_20250120_135754.csv
output/pred_20250120_135801.csv
output/pred_20250120_135808.csv
output/pred_20250120_135814.csv
output/pred_20250120_135821.csv
output/pred_20250120_135828.csv
output/pred_20250120_135835.csv
output/pred_20250120_135842.csv
output/pred_20250120_135849.csv
output/pred_20250120_135855.csv
output/pred_20250120_135902.csv
output/pred_20250120_135909.csv
output/pred_20250120_135916.csv
output/pred_20250120_135923.csv
output/pred_20250120_135930.csv
output/pred_20250120_135937.csv
output/pred_20250120_135944.csv
output/pred_20250120_135951.csv
output/pred_20250120_135958.csv
output/pred_20250120_140005.csv
output/pred_20250120_140011.csv
output/pred_20250120_140018.csv
output/pred_20250120_140025.csv
output/pred_20250120_140032.csv
output/pred_20250120_140039.csv
output/pred_20250120_140046.csv
output/pred_20250120_140052.csv
output/pred_20250120_140059.csv
output/pred_20250120_140106.csv
output/pred_20250120_140113.csv
output/pred_20250120_140120.csv
output/pred_20250120_140127.csv
output/pred_20250120_140133.csv
output/pred_20250120_140140.csv
output/pred_20250120_140147.csv
output/pred_20250120_140154.csv
output/pred_20250120_140201.csv
output/pred_20250120_140208.csv
output/pred_20250120_140215.csv
output/pred_20250120_140221.csv
output/pred_20250120_140228.csv
output/pred_20250120_140235.csv
output/pred_20250120_140242.csv
output/pred_20250120_140249.csv
output/pred_20250120_140256.csv
output/pred_20250120_140302.csv
output/pred_20250120_140309.csv
output/pred_20250120_140316.csv
output/pred_20250120_140323.csv
output/pred_20250120_140330.csv
output/pred_20250120_140337.csv
output/pred_20250120_140343.csv
output/pred_20250120_140350.csv
output/pred_20250120_140357.csv
output/pred_20250120_140404.csv
output/pred_20250120_140411.csv
output/pred_20250120_140418.csv
output/pred_20250120_140424.csv
output/pred_20250120_140431.csv
output/pred_20250120_140438.csv
output/pred_20250120_140445.csv
output/pred_20250120_140452.csv
output/pred_20250120_140459.csv
output/pred_20250120_140505.csv
output/pred_20250120_140512.csv
output/pred_20250120_140519.csv
output/pred_20250120_140526.csv
output/pred_20250120_140533.csv
output/pred_20250120_140540.csv
output/pred_20250120_140547.csv
output/pred_20250120_140553.csv
output/pred_20250120_140600.csv
output/pred_20250120_140607.csv
output/pred_20250120_140614.csv
output/pred_20250120_140621.csv
output/pred_20250120_140628.csv
output/pred_20250120_140634.csv
output/pred_20250120_140641.csv
output/pred_20250120_140648.csv
output/pred_20250120_140655.csv
output/pred_20250120_140702.csv
output/pred_20250120_140709.csv
output/pred_20250120_140715.csv
output/pred_20250120_140722.csv
output/pred_20250120_140729.csv
output/pred_20250120_140736.csv
output/pred_20250120_140743.csv
output/pred_20250120_140750.csv
output/pred_20250120_140757.csv
output/pred_20250120_140804.csv
output/pred_20250120_140810.csv
output/pred_20250120_140817.csv
output/pred_20250120_140824.csv
output/pred_20250120_140831.csv
output/pred_20250120_140838.csv
output/pred_20250120_140845.csv
output/pred_20250120_140851.csv
output/pred_20250120_140858.csv
output/pred_20250120_140905.csv
output/pred_20250120_140912.csv
output/pred_20250120_140919.csv
output/pred_20250120_140926.csv
output/pred_20250120_140933.csv
output/pred_20250120_140939.csv
output/pred_20250120_140946.csv
output/pred_20250120_140953.csv
output/pred_20250120_141000.csv
output/pred_20250120_141007.csv
output/pred_20250120_141014.csv
output/pred_20250120_141021.csv
output/pred_20250120_141027.csv
output/pred_20250120_141034.csv
output/pred_20250120_141041.csv
output/pred_20250120_141048.csv
output/pred_20250120_141055.csv
output/pred_20250120_141102.csv
output/pred_20250120_141108.csv
output/pred_20250120_141115.csv
output/pred_20250120_141122.csv
output/pred_20250120_141129.csv
output/pred_20250120_141136.csv
output/pred_20250120_141143.csv
output/pred_20250120_141150.csv
output/pred_20250120_141157.csv
output/pred_20250120_141203.csv
output/pred_20250120_141210.csv
output/pred_20250120_141217.csv
output/pred_20250120_141224.csv
output/pred_20250120_141231.csv
output/pred_20250120_141238.csv
output/pred_20250120_141245.csv
output/pred_20250120_141252.csv
output/pred_20250120_141258.csv
output/pred_20250120_141305.csv
output/pred_20250120_141312.csv
output/pred_20250120_141319.csv
output/pred_20250120_141326.csv
output/pred_20250120_141333.csv
output/pred_20250120_141340.csv
output/pred_20250120_141347.csv
output/pred_20250120_141354.csv
output/pred_20250120_141401.csv
output/pred_20250120_141408.csv
output/pred_20250120_141414.csv
output/pred_20250120_141421.csv
output/pred_20250120_141428.csv
output/pred_20250120_141435.csv
output/pred_20250120_141442.csv
output/pred_20250120_141449.csv
output/pred_20250120_141456.csv
output/pred_20250120_141503.csv
output/pred_20250120_141510.csv
output/pred_20250120_141517.csv
output/pred_20250120_141524.csv
output/pred_20250120_141531.csv
output/pred_20250120_141538.csv
output/pred_20250120_141545.csv
output/pred_20250120_141552.csv
output/pred_20250120_141559.csv
output/pred_20250120_141606.csv
output/pred_20250120_141613.csv
output/pred_20250120_141620.csv
output/pred_20250120_141627.csv
output/pred_20250120_141634.csv
output/pred_20250120_141641.csv
output/pred_20250120_141648.csv
output/pred_20250120_141655.csv
output/pred_20250120_141702.csv
output/pred_20250120_141709.csv
output/pred_20250120_141716.csv
output/pred_20250120_141723.csv
output/pred_20250120_141730.csv
output/pred_20250120_141737.csv
output/pred_20250120_141744.csv
output/pred_20250120_141751.csv
output/pred_20250120_141758.csv
output/pred_20250120_141805.csv
output/pred_20250120_141812.csv
output/pred_20250120_141819.csv
output/pred_20250120_141826.csv
output/pred_20250120_141832.csv
output/pred_20250120_141839.csv
output/pred_20250120_141846.csv
output/pred_20250120_141853.csv
output/pred_20250120_141900.csv
output/pred_20250120_141907.csv
output/pred_20250120_141914.csv
output/pred_20250120_141921.csv
output/pred_20250120_141928.csv
output/pred_20250120_141935.csv
output/pred_20250120_141942.csv
output/pred_20250120_141949.csv
output/pred_20250120_141955.csv
output/pred_20250120_142002.csv
output/pred_20250120_142009.csv
output/pred_20250120_142016.csv
output/pred_20250120_142023.csv
output/pred_20250120_142030.csv
output/pred_20250120_142037.csv
output/pred_20250120_142044.csv
output/pred_20250120_142051.csv
output/pred_20250120_142058.csv
output/pred_20250120_142105.csv
output/pred_20250120_142112.csv
output/pred_20250120_142119.csv
output/pred_20250120_142126.csv
output/pred_20250120_142133.csv
output/pred_20250120_142140.csv
output/pred_20250120_142146.csv
output/pred_20250120_142153.csv
output/pred_20250120_142200.csv
output/pred_20250120_142207.csv
output/pred_20250120_142214.csv
output/pred_20250120_142221.csv
output/pred_20250120_142228.csv
output/pred_20250120_142235.csv
output/pred_20250120_142242.csv
output/pred_20250120_142249.csv
output/pred_20250120_142256.csv
output/pred_20250120_142303.csv
output/pred_20250120_142310.csv
output/pred_20250120_142317.csv
output/pred_20250120_142323.csv
output/pred_20250120_142330.csv
output/pred_20250120_142337.csv
output/pred_20250120_142344.csv
output/pred_20250120_142351.csv
output/pred_20250120_142358.csv
output/pred_20250120_142405.csv
output/pred_20250120_142412.csv
output/pred_20250120_142420.csv
output/pred_20250120_142426.csv
output/pred_20250120_142433.csv
output/pred_20250120_142440.csv
output/pred_20250120_142447.csv
output/pred_20250120_142454.csv
output/pred_20250120_142501.csv
output/pred_20250120_142508.csv
output/pred_20250120_142515.csv
output/pred_20250120_142522.csv
output/pred_20250120_142529.csv
output/pred_20250120_142536.csv
output/pred_20250120_142543.csv
output/pred_20250120_142550.csv
output/pred_20250120_142557.csv
output/pred_20250120_142604.csv
output/pred_20250120_142611.csv
output/pred_20250120_142618.csv
output/pred_20250120_142624.csv
output/pred_20250120_142631.csv
output/pred_20250120_142638.csv
output/pred_20250120_142645.csv
output/pred_20250120_142652.csv
output/pred_20250120_142659.csv
output/pred_20250120_142706.csv
output/pred_20250120_142713.csv
output/pred_20250120_142720.csv
output/pred_20250120_142727.csv
output/pred_20250120_142734.csv
output/pred_20250120_142741.csv
output/pred_20250120_142748.csv
output/pred_20250120_142755.csv
output/pred_20250120_142802.csv
output/pred_20250120_142808.csv
output/pred_20250120_142815.csv
output/pred_20250120_142823.csv
output/pred_20250120_142829.csv
output/pred_20250120_142836.csv
output/pred_20250120_142843.csv
output/pred_20250120_142850.csv
output/pred_20250120_142857.csv
output/pred_20250120_142904.csv
output/pred_20250120_142911.csv
output/pred_20250120_142918.csv
output/pred_20250120_142925.csv
output/pred_20250120_142932.csv
output/pred_20250120_142938.csv
output/pred_20250120_142945.csv
output/pred_20250120_142952.csv
output/pred_20250120_142959.csv
output/pred_20250120_143006.csv
output/pred_20250120_143013.csv
output/pred_20250120_143020.csv
output/pred_20250120_143027.csv
output/pred_20250120_143034.csv
output/pred_20250120_143041.csv
output/pred_20250120_143048.csv
output/pred_20250120_143055.csv
output/pred_20250120_143102.csv
output/pred_20250120_143109.csv
output/pred_20250120_143116.csv
output/pred_20250120_143123.csv
output/pred_20250120_143130.csv
output/pred_20250120_143137.csv
output/pred_20250120_143144.csv
output/pred_20250120_143151.csv
output/pred_20250120_143157.csv
output/pred_20250120_143204.csv
output/pred_20250120_143211.csv
output/pred_20250120_143218.csv
output/pred_20250120_143225.csv
output/pred_20250120_143232.csv
output/pred_20250120_143239.csv
output/pred_20250120_143246.csv
output/pred_20250120_143253.csv
output/pred_20250120_143259.csv
output/pred_20250120_143306.csv
output/pred_20250120_143313.csv
output/pred_20250120_143320.csv
output/pred_20250120_143327.csv
output/pred_20250120_143334.csv
output/pred_20250120_143341.csv
output/pred_20250120_143348.csv
output/pred_20250120_143355.csv
output/pred_20250120_143402.csv
output/pred_20250120_143409.csv
output/pred_20250120_143416.csv
output/pred_20250120_143423.csv
output/pred_20250120_143430.csv
output/pred_20250120_143437.csv
output/pred_20250120_143444.csv
output/pred_20250120_143450.csv
output/pred_20250120_143457.csv
output/pred_20250120_143504.csv
output/pred_20250120_143511.csv
output/pred_20250120_143518.csv
output/pred_20250120_143525.csv
output/pred_20250120_143532.csv
output/pred_20250120_143538.csv
output/pred_20250120_143545.csv
output/pred_20250120_143552.csv
output/pred_20250120_143559.csv
output/pred_20250120_143606.csv
output/pred_20250120_143613.csv
output/pred_20250120_143620.csv
output/pred_20250120_143627.csv
output/pred_20250120_143633.csv
output/pred_20250120_143640.csv
output/pred_20250120_143647.csv
output/pred_20250120_143654.csv
output/pred_20250120_143701.csv
output/pred_20250120_143708.csv
output/pred_20250120_143715.csv
output/pred_20250120_143722.csv
output/pred_20250120_143729.csv
output/pred_20250120_143736.csv
output/pred_20250120_143742.csv
output/pred_20250120_143749.csv
output/pred_20250120_143756.csv
output/pred_20250120_143803.csv
output/pred_20250120_143810.csv
output/pred_20250120_143817.csv
output/pred_20250120_143824.csv
output/pred_20250120_143830.csv
output/pred_20250120_143837.csv
output/pred_20250120_143844.csv
output/pred_20250120_143851.csv
output/pred_20250120_143858.csv
output/pred_20250120_143905.csv
output/pred_20250120_143912.csv
output/pred_20250120_143919.csv
output/pred_20250120_143925.csv
output/pred_20250120_143932.csv
output/pred_20250120_143939.csv
output/pred_20250120_143946.csv
output/pred_20250120_143953.csv
output/pred_20250120_144000.csv
output/pred_20250120_144007.csv
output/pred_20250120_144014.csv
output/pred_20250120_144021.csv
output/pred_20250120_144028.csv
output/pred_20250120_144035.csv
output/pred_20250120_144041.csv
output/pred_20250120_144048.csv
output/pred_20250120_144055.csv
output/pred_20250120_144102.csv
output/pred_20250120_144109.csv
output/pred_20250120_144116.csv
output/pred_20250120_144123.csv
output/pred_20250120_144130.csv
output/pred_20250120_144137.csv
output/pred_20250120_144144.csv
output/pred_20250120_144151.csv
output/pred_20250120_144157.csv
output/pred_20250120_144205.csv
output/pred_20250120_144212.csv
output/pred_20250120_144219.csv
output/pred_20250120_144225.csv
output/pred_20250120_144232.csv
output/pred_20250120_144239.csv
output/pred_20250120_144246.csv
output/pred_20250120_144253.csv
output/pred_20250120_144300.csv
output/pred_20250120_144307.csv
output/pred_20250120_144314.csv
output/pred_20250120_144321.csv
output/pred_20250120_144328.csv
output/pred_20250120_144334.csv
output/pred_20250120_144341.csv
output/pred_20250120_144348.csv
output/pred_20250120_144355.csv
output/pred_20250120_144402.csv
output/pred_20250120_144409.csv
output/pred_20250120_144416.csv
output/pred_20250120_144423.csv
output/pred_20250120_144430.csv
output/pred_20250120_144437.csv
output/pred_20250120_144444.csv
output/pred_20250120_144451.csv
output/pred_20250120_144458.csv
output/pred_20250120_144504.csv
output/pred_20250120_144512.csv
output/pred_20250120_144518.csv
output/pred_20250120_144525.csv
output/pred_20250120_144532.csv
output/pred_20250120_144539.csv
output/pred_20250120_144546.csv
output/pred_20250120_144553.csv
output/pred_20250120_144600.csv
output/pred_20250120_144607.csv
output/pred_20250120_144614.csv
output/pred_20250120_144621.csv
output/pred_20250120_144628.csv
output/pred_20250120_144635.csv
output/pred_20250120_144642.csv
output/pred_20250120_144648.csv
output/pred_20250120_144655.csv
output/pred_20250120_144702.csv
output/pred_20250120_144709.csv
output/pred_20250120_144716.csv
output/pred_20250120_144723.csv
output/pred_20250120_144730.csv
output/pred_20250120_144737.csv
output/pred_20250120_144744.csv
output/pred_20250120_144751.csv
output/pred_20250120_144757.csv
output/pred_20250120_144804.csv
output/pred_20250120_144811.csv
output/pred_20250120_144818.csv
output/pred_20250120_144825.csv
output/pred_20250120_144832.csv
output/pred_20250120_144839.csv
output/pred_20250120_144845.csv
output/pred_20250120_144852.csv
output/pred_20250120_144859.csv
output/pred_20250120_144906.csv
output/pred_20250120_144913.csv
output/pred_20250120_144920.csv
output/pred_20250120_144927.csv
output/pred_20250120_144934.csv
output/pred_20250120_144941.csv
output/pred_20250120_144948.csv
output/pred_20250120_144955.csv
output/pred_20250120_145002.csv
output/pred_20250120_145008.csv
output/pred_20250120_145015.csv
output/pred_20250120_145022.csv
output/pred_20250120_145029.csv
output/pred_20250120_145036.csv
output/pred_20250120_145043.csv
output/pred_20250120_145049.csv
output/pred_20250120_145056.csv
output/pred_20250120_145103.csv
output/pred_20250120_145110.csv
output/pred_20250120_145117.csv
output/pred_20250120_145124.csv
output/pred_20250120_145131.csv
output/pred_20250120_145137.csv
output/pred_20250120_145144.csv
output/pred_20250120_145151.csv
output/pred_20250120_145158.csv
output/pred_20250120_145205.csv
output/pred_20250120_145212.csv
output/pred_20250120_145218.csv
output/pred_20250120_145225.csv
output/pred_20250120_145232.csv
output/pred_20250120_145239.csv
output/pred_20250120_145246.csv
output/pred_20250120_145253.csv
output/pred_20250120_145300.csv
output/pred_20250120_145306.csv
output/pred_20250120_145313.csv
output/pred_20250120_145320.csv
output/pred_20250120_145327.csv
output/pred_20250120_145334.csv
output/pred_20250120_145341.csv
output/pred_20250120_145347.csv
output/pred_20250120_145354.csv
output/pred_20250120_145401.csv
output/pred_20250120_145408.csv
output/pred_20250120_145415.csv
output/pred_20250120_145422.csv
output/pred_20250120_145429.csv
output/pred_20250120_145436.csv
output/pred_20250120_145443.csv
output/pred_20250120_145449.csv
output/pred_20250120_145456.csv
output/pred_20250120_145503.csv
output/pred_20250120_145510.csv
output/pred_20250120_145517.csv
output/pred_20250120_145524.csv
output/pred_20250120_145531.csv
output/pred_20250120_145537.csv
output/pred_20250120_145544.csv
output/pred_20250120_145551.csv
output/pred_20250120_145558.csv
output/pred_20250120_145605.csv
output/pred_20250120_145612.csv
output/pred_20250120_145618.csv
output/pred_20250120_145625.csv
output/pred_20250120_145632.csv
output/pred_20250120_145639.csv
output/pred_20250120_145646.csv
output/pred_20250120_145653.csv
output/pred_20250120_145700.csv
output/pred_20250120_145707.csv
output/pred_20250120_145713.csv
output/pred_20250120_145720.csv
output/pred_20250120_145727.csv
output/pred_20250120_145734.csv
output/pred_20250120_145741.csv
output/pred_20250120_145748.csv
output/pred_20250120_145755.csv
output/pred_20250120_145801.csv
output/pred_20250120_145808.csv
output/pred_20250120_145815.csv
output/pred_20250120_145822.csv
output/pred_20250120_145829.csv
output/pred_20250120_145836.csv
output/pred_20250120_145842.csv
output/pred_20250120_145849.csv
output/pred_20250120_145856.csv
output/pred_20250120_145903.csv
output/pred_20250120_145910.csv
output/pred_20250120_145917.csv
output/pred_20250120_145924.csv
output/pred_20250120_145930.csv
output/pred_20250120_145937.csv
output/pred_20250120_145944.csv
output/pred_20250120_145951.csv
output/pred_20250120_145958.csv
output/pred_20250120_150005.csv
output/pred_20250120_150011.csv
output/pred_20250120_150018.csv
output/pred_20250120_150025.csv
output/pred_20250120_150032.csv
output/pred_20250120_150039.csv
output/pred_20250120_150046.csv
output/pred_20250120_150053.csv
output/pred_20250120_150100.csv
output/pred_20250120_150107.csv
output/pred_20250120_150113.csv
output/pred_20250120_150120.csv
output/pred_20250120_150127.csv
output/pred_20250120_150134.csv
output/pred_20250120_150141.csv
output/pred_20250120_150148.csv
output/pred_20250120_150155.csv
output/pred_20250120_150202.csv
output/pred_20250120_150209.csv
output/pred_20250120_150216.csv
output/pred_20250120_150222.csv
output/pred_20250120_150229.csv
output/pred_20250120_150236.csv
output/pred_20250120_150243.csv
output/pred_20250120_150250.csv
output/pred_20250120_150257.csv
output/pred_20250120_150304.csv
output/pred_20250120_150311.csv
output/pred_20250120_150318.csv
output/pred_20250120_150325.csv
output/pred_20250120_150331.csv
output/pred_20250120_150338.csv
output/pred_20250120_150346.csv
output/pred_20250120_150352.csv
output/pred_20250120_150359.csv
output/pred_20250120_150406.csv
output/pred_20250120_150413.csv
output/pred_20250120_150420.csv
output/pred_20250120_150427.csv
output/pred_20250120_150434.csv
output/pred_20250120_150441.csv
output/pred_20250120_150448.csv
output/pred_20250120_150455.csv
output/pred_20250120_150502.csv
output/pred_20250120_150509.csv
output/pred_20250120_150516.csv
output/pred_20250120_150523.csv
output/pred_20250120_150530.csv
output/pred_20250120_150537.csv
output/pred_20250120_150544.csv
output/pred_20250120_150551.csv
output/pred_20250120_150558.csv
output/pred_20250120_150605.csv
output/pred_20250120_150612.csv
output/pred_20250120_150619.csv
output/pred_20250120_150625.csv
output/pred_20250120_150632.csv
output/pred_20250120_150639.csv
output/pred_20250120_150646.csv
output/pred_20250120_150653.csv
output/pred_20250120_150700.csv
output/pred_20250120_150707.csv
output/pred_20250120_150714.csv
output/pred_20250120_150720.csv
output/pred_20250120_150727.csv
output/pred_20250120_150734.csv
output/pred_20250120_150741.csv
output/pred_20250120_150748.csv
output/pred_20250120_150755.csv
output/pred_20250120_150802.csv
output/pred_20250120_150808.csv
output/pred_20250120_150815.csv
output/pred_20250120_150822.csv
output/pred_20250120_150829.csv
output/pred_20250120_150836.csv
output/pred_20250120_150843.csv
output/pred_20250120_150850.csv
output/pred_20250120_150856.csv
output/pred_20250120_150903.csv
output/pred_20250120_150910.csv
output/pred_20250120_150917.csv
output/pred_20250120_150924.csv
output/pred_20250120_150931.csv
output/pred_20250120_150937.csv
output/pred_20250120_150944.csv
output/pred_20250120_150951.csv
output/pred_20250120_150958.csv
output/pred_20250120_151005.csv
output/pred_20250120_151012.csv
output/pred_20250120_151018.csv
output/pred_20250120_151025.csv
output/pred_20250120_151032.csv
output/pred_20250120_151039.csv
output/pred_20250120_151046.csv
output/pred_20250120_151053.csv
output/pred_20250120_151059.csv
output/pred_20250120_151106.csv
output/pred_20250120_151113.csv
output/pred_20250120_151120.csv
output/pred_20250120_151127.csv
output/pred_20250120_151134.csv
output/pred_20250120_151140.csv
output/pred_20250120_151147.csv
output/pred_20250120_151154.csv
output/pred_20250120_151201.csv
output/pred_20250120_151208.csv
output/pred_20250120_151215.csv
output/pred_20250120_151221.csv
output/pred_20250120_151228.csv
output/pred_20250120_151235.csv
output/pred_20250120_151242.csv
output/pred_20250120_151249.csv
output/pred_20250120_151256.csv
output/pred_20250120_151302.csv
output/pred_20250120_151309.csv
output/pred_20250120_151316.csv
output/pred_20250120_151323.csv
output/pred_20250120_151330.csv
output/pred_20250120_151337.csv
output/pred_20250120_151343.csv
output/pred_20250120_151350.csv
output/pred_20250120_151357.csv
output/pred_20250120_151404.csv
output/pred_20250120_151411.csv
output/pred_20250120_151418.csv
output/pred_20250120_151425.csv
output/pred_20250120_151431.csv
output/pred_20250120_151438.csv
output/pred_20250120_151445.csv
output/pred_20250120_151452.csv
output/pred_20250120_151459.csv
output/pred_20250120_151506.csv
output/pred_20250120_151513.csv
output/pred_20250120_151519.csv
output/pred_20250120_151526.csv
output/pred_20250120_151533.csv
output/pred_20250120_151540.csv
output/pred_20250120_151547.csv
output/pred_20250120_151554.csv
output/pred_20250120_151600.csv
output/pred_20250120_151607.csv
output/pred_20250120_151614.csv
output/pred_20250120_151621.csv
output/pred_20250120_151628.csv
output/pred_20250120_151635.csv
output/pred_20250120_151642.csv
output/pred_20250120_151648.csv
output/pred_20250120_151655.csv
output/pred_20250120_151702.csv
output/pred_20250120_151709.csv
output/pred_20250120_151716.csv
output/pred_20250120_151723.csv
output/pred_20250120_151730.csv
output/pred_20250120_151736.csv
output/pred_20250120_151743.csv
output/pred_20250120_151750.csv
output/pred_20250120_151757.csv
output/pred_20250120_151804.csv
output/pred_20250120_151811.csv
output/pred_20250120_151817.csv
output/pred_20250120_151824.csv
output/pred_20250120_151831.csv
output/pred_20250120_151838.csv
output/pred_20250120_151845.csv
output/pred_20250120_151852.csv
output/pred_20250120_151859.csv
output/pred_20250120_151906.csv
output/pred_20250120_151912.csv
output/pred_20250120_151919.csv
output/pred_20250120_151926.csv
output/pred_20250120_151933.csv
output/pred_20250120_151940.csv
output/pred_20250120_151947.csv
output/pred_20250120_151954.csv
output/pred_20250120_152001.csv
output/pred_20250120_152007.csv
output/pred_20250120_152014.csv
output/pred_20250120_152021.csv
output/pred_20250120_152028.csv
output/pred_20250120_152035.csv
output/pred_20250120_152042.csv
output/pred_20250120_152049.csv
output/pred_20250120_152055.csv
output/pred_20250120_152102.csv
output/pred_20250120_152109.csv
output/pred_20250120_152116.csv
output/pred_20250120_152123.csv
output/pred_20250120_152130.csv
output/pred_20250120_152137.csv
output/pred_20250120_152143.csv
output/pred_20250120_152150.csv
output/pred_20250120_152157.csv
output/pred_20250120_152204.csv
output/pred_20250120_152211.csv
output/pred_20250120_152218.csv
output/pred_20250120_152225.csv
output/pred_20250120_152231.csv
output/pred_20250120_152238.csv
output/pred_20250120_152245.csv
output/pred_20250120_152252.csv
output/pred_20250120_152259.csv
output/pred_20250120_152306.csv
output/pred_20250120_152313.csv
output/pred_20250120_152319.csv
output/pred_20250120_152326.csv
output/pred_20250120_152333.csv
output/pred_20250120_152340.csv
output/pred_20250120_152347.csv
output/pred_20250120_152354.csv
output/pred_20250120_152401.csv
output/pred_20250120_152408.csv
output/pred_20250120_152414.csv
output/pred_20250120_152421.csv
output/pred_20250120_152428.csv
output/pred_20250120_152435.csv
output/pred_20250120_152442.csv
output/pred_20250120_152449.csv
output/pred_20250120_152456.csv
output/pred_20250120_152502.csv
output/pred_20250120_152509.csv
output/pred_20250120_152516.csv
output/pred_20250120_152523.csv
output/pred_20250120_152530.csv
output/pred_20250120_152537.csv
output/pred_20250120_152544.csv
output/pred_20250120_152551.csv
output/pred_20250120_152558.csv
output/pred_20250120_152605.csv
output/pred_20250120_152611.csv
output/pred_20250120_152618.csv
output/pred_20250120_152625.csv
output/pred_20250120_152632.csv
output/pred_20250120_152639.csv
output/pred_20250120_152646.csv
output/pred_20250120_152653.csv
output/pred_20250120_152659.csv
output/pred_20250120_152706.csv
output/pred_20250120_152713.csv
output/pred_20250120_152720.csv
output/pred_20250120_152727.csv
output/pred_20250120_152734.csv
output/pred_20250120_152741.csv
output/pred_20250120_152748.csv
output/pred_20250120_152755.csv
output/pred_20250120_152802.csv
output/pred_20250120_152808.csv
output/pred_20250120_152815.csv
output/pred_20250120_152822.csv
output/pred_20250120_152829.csv
output/pred_20250120_152836.csv
output/pred_20250120_152843.csv
output/pred_20250120_152850.csv
output/pred_20250120_152857.csv
output/pred_20250120_152904.csv
output/pred_20250120_152910.csv
output/pred_20250120_152917.csv
output/pred_20250120_152924.csv
output/pred_20250120_152931.csv
output/pred_20250120_152938.csv
output/pred_20250120_152945.csv
output/pred_20250120_152952.csv
output/pred_20250120_152959.csv
output/pred_20250120_153005.csv
output/pred_20250120_153012.csv
output/pred_20250120_153019.csv
output/pred_20250120_153026.csv
output/pred_20250120_153033.csv
output/pred_20250120_153040.csv
output/pred_20250120_153047.csv
output/pred_20250120_153054.csv
output/pred_20250120_153100.csv
output/pred_20250120_153107.csv
output/pred_20250120_153114.csv
output/pred_20250120_153121.csv
output/pred_20250120_153128.csv
output/pred_20250120_153135.csv
output/pred_20250120_153142.csv
output/pred_20250120_153148.csv
output/pred_20250120_153155.csv
output/pred_20250120_153202.csv
output/pred_20250120_153209.csv
output/pred_20250120_153216.csv
output/pred_20250120_153223.csv
output/pred_20250120_153230.csv
output/pred_20250120_153237.csv
output/pred_20250120_153244.csv
output/pred_20250120_153251.csv
output/pred_20250120_153258.csv
output/pred_20250120_153305.csv
output/pred_20250120_153312.csv
output/pred_20250120_153319.csv
output/pred_20250120_153326.csv
output/pred_20250120_153332.csv
output/pred_20250120_153339.csv
output/pred_20250120_153346.csv
output/pred_20250120_153353.csv
output/pred_20250120_153400.csv
output/pred_20250120_153407.csv
output/pred_20250120_153414.csv
output/pred_20250120_153421.csv
output/pred_20250120_153428.csv
output/pred_20250120_153435.csv
output/pred_20250120_153442.csv
output/pred_20250120_153449.csv
output/pred_20250120_153456.csv
output/pred_20250120_153502.csv
output/pred_20250120_153509.csv
output/pred_20250120_153516.csv
output/pred_20250120_153523.csv
output/pred_20250120_153530.csv
output/pred_20250120_153537.csv
output/pred_20250120_153544.csv
output/pred_20250120_153551.csv
output/pred_20250120_153558.csv
output/pred_20250120_153605.csv
output/pred_20250120_153612.csv
output/pred_20250120_153618.csv
output/pred_20250120_153625.csv
output/pred_20250120_153632.csv
output/pred_20250120_153639.csv
output/pred_20250120_153646.csv
output/pred_20250120_153653.csv
output/pred_20250120_153700.csv
output/pred_20250120_153707.csv
output/pred_20250120_153714.csv
output/pred_20250120_153721.csv
output/pred_20250120_153728.csv
output/pred_20250120_153734.csv
output/pred_20250120_153742.csv
output/pred_20250120_153748.csv
output/pred_20250120_153755.csv
output/pred_20250120_153802.csv
output/pred_20250120_153809.csv
output/pred_20250120_153816.csv
output/pred_20250120_153823.csv
output/pred_20250120_153830.csv
output/pred_20250120_153837.csv
output/pred_20250120_153844.csv
output/pred_20250120_153851.csv
output/pred_20250120_153857.csv
output/pred_20250120_153904.csv
output/pred_20250120_153911.csv
output/pred_20250120_153918.csv
output/pred_20250120_153925.csv
output/pred_20250120_153932.csv
output/pred_20250120_153939.csv
output/pred_20250120_153946.csv
output/pred_20250120_153953.csv
output/pred_20250120_153959.csv
output/pred_20250120_154006.csv
output/pred_20250120_154013.csv
output/pred_20250120_154020.csv
output/pred_20250120_154027.csv
output/pred_20250120_154034.csv
output/pred_20250120_154041.csv
output/pred_20250120_154048.csv
output/pred_20250120_154055.csv
output/pred_20250120_154102.csv
output/pred_20250120_154109.csv
output/pred_20250120_154116.csv
output/pred_20250120_154123.csv
output/pred_20250120_154129.csv
output/pred_20250120_154136.csv
output/pred_20250120_154143.csv
output/pred_20250120_154150.csv
output/pred_20250120_154157.csv
output/pred_20250120_154204.csv
output/pred_20250120_154211.csv
output/pred_20250120_154218.csv
output/pred_20250120_154225.csv
output/pred_20250120_154231.csv
output/pred_20250120_154238.csv
output/pred_20250120_154245.csv
output/pred_20250120_154252.csv
output/pred_20250120_154259.csv
output/pred_20250120_154306.csv
output/pred_20250120_154313.csv
output/pred_20250120_154320.csv
output/pred_20250120_154326.csv
output/pred_20250120_154333.csv
output/pred_20250120_154340.csv
output/pred_20250120_154347.csv
output/pred_20250120_154354.csv
output/pred_20250120_154401.csv
output/pred_20250120_154408.csv
output/pred_20250120_154415.csv
output/pred_20250120_154422.csv
output/pred_20250120_154429.csv
output/pred_20250120_154435.csv
output/pred_20250120_154442.csv
output/pred_20250120_154449.csv
output/pred_20250120_154456.csv
output/pred_20250120_154503.csv
output/pred_20250120_154510.csv
output/pred_20250120_154517.csv
output/pred_20250120_154524.csv
output/pred_20250120_154531.csv
output/pred_20250120_154538.csv
output/pred_20250120_154544.csv
output/pred_20250120_154551.csv
output/pred_20250120_154558.csv
output/pred_20250120_154605.csv
output/pred_20250120_154612.csv
output/pred_20250120_154619.csv
output/pred_20250120_154626.csv
output/pred_20250120_154633.csv
output/pred_20250120_154640.csv
output/pred_20250120_154646.csv
output/pred_20250120_154653.csv
output/pred_20250120_154700.csv
output/pred_20250120_154707.csv
output/pred_20250120_154714.csv
output/pred_20250120_154721.csv
output/pred_20250120_154728.csv
output/pred_20250120_154735.csv
output/pred_20250120_154742.csv
output/pred_20250120_154748.csv
output/pred_20250120_154755.csv
output/pred_20250120_154802.csv
output/pred_20250120_154809.csv
output/pred_20250120_154816.csv
output/pred_20250120_154823.csv
output/pred_20250120_154830.csv
output/pred_20250120_154837.csv
output/pred_20250120_154843.csv
output/pred_20250120_154850.csv
output/pred_20250120_154857.csv
output/pred_20250120_154904.csv
output/pred_20250120_154911.csv
output/pred_20250120_154918.csv
output/pred_20250120_154925.csv
output/pred_20250120_154931.csv
output/pred_20250120_154938.csv
output/pred_20250120_154945.csv
output/pred_20250120_154952.csv
output/pred_20250120_154959.csv
output/pred_20250120_155006.csv
output/pred_20250120_155013.csv
output/pred_20250120_155020.csv
output/pred_20250120_155027.csv
output/pred_20250120_155034.csv
output/pred_20250120_155041.csv
output/pred_20250120_155048.csv
output/pred_20250120_155055.csv
output/pred_20250120_155102.csv
output/pred_20250120_155108.csv
output/pred_20250120_155115.csv
output/pred_20250120_155122.csv
output/pred_20250120_155129.csv
output/pred_20250120_155136.csv
output/pred_20250120_155143.csv
output/pred_20250120_155150.csv
output/pred_20250120_155156.csv
output/pred_20250120_155203.csv
output/pred_20250120_155210.csv
output/pred_20250120_155217.csv
output/pred_20250120_155224.csv
output/pred_20250120_155230.csv
output/pred_20250120_155237.csv
output/pred_20250120_155244.csv
output/pred_20250120_155251.csv
output/pred_20250120_155258.csv
output/pred_20250120_155304.csv
output/pred_20250120_155311.csv
output/pred_20250120_155318.csv
output/pred_20250120_155325.csv
output/pred_20250120_155332.csv
output/pred_20250120_155339.csv
output/pred_20250120_155345.csv
output/pred_20250120_155352.csv
output/pred_20250120_155359.csv
output/pred_20250120_155406.csv
output/pred_20250120_155413.csv
output/pred_20250120_155420.csv
output/pred_20250120_155426.csv
output/pred_20250120_155433.csv
output/pred_20250120_155440.csv
output/pred_20250120_155447.csv
output/pred_20250120_155454.csv
output/pred_20250120_155501.csv
output/pred_20250120_155508.csv
output/pred_20250120_155515.csv
output/pred_20250120_155521.csv
output/pred_20250120_155528.csv
output/pred_20250120_155535.csv
output/pred_20250120_155542.csv
output/pred_20250120_155549.csv
output/pred_20250120_155556.csv
output/pred_20250120_155603.csv
output/pred_20250120_155610.csv
output/pred_20250120_155617.csv
output/pred_20250120_155624.csv
output/pred_20250120_155630.csv
output/pred_20250120_155637.csv
output/pred_20250120_155644.csv
output/pred_20250120_155651.csv
output/pred_20250120_155658.csv
output/pred_20250120_155704.csv
output/pred_20250120_155711.csv
output/pred_20250120_155718.csv
output/pred_20250120_155725.csv
output/pred_20250120_155732.csv
output/pred_20250120_155739.csv
output/pred_20250120_155745.csv
output/pred_20250120_155752.csv
output/pred_20250120_155759.csv
output/pred_20250120_155806.csv
output/pred_20250120_155813.csv
output/pred_20250120_155819.csv
output/pred_20250120_155826.csv
output/pred_20250120_155833.csv
output/pred_20250120_155840.csv
output/pred_20250120_155847.csv
output/pred_20250120_155853.csv
output/pred_20250120_155900.csv
output/pred_20250120_155907.csv
output/pred_20250120_155914.csv
output/pred_20250120_155921.csv
output/pred_20250120_155927.csv
output/pred_20250120_155934.csv
output/pred_20250120_155941.csv
output/pred_20250120_155948.csv
output/pred_20250120_155955.csv
output/pred_20250120_160002.csv
output/pred_20250120_160008.csv
output/pred_20250120_160015.csv
output/pred_20250120_160022.csv
output/pred_20250120_160029.csv
output/pred_20250120_160036.csv
output/pred_20250120_160043.csv
output/pred_20250120_160049.csv
output/pred_20250120_160056.csv
output/pred_20250120_160103.csv
output/pred_20250120_160110.csv
output/pred_20250120_160117.csv
output/pred_20250120_160123.csv
output/pred_20250120_160130.csv
output/pred_20250120_160137.csv
output/pred_20250120_160144.csv
output/pred_20250120_160151.csv
output/pred_20250120_160158.csv
output/pred_20250120_160205.csv
output/pred_20250120_160211.csv
output/pred_20250120_160218.csv
output/pred_20250120_160225.csv
output/pred_20250120_160232.csv
output/pred_20250120_160239.csv
output/pred_20250120_160246.csv
output/pred_20250120_160252.csv
output/pred_20250120_160259.csv
output/pred_20250120_160306.csv
output/pred_20250120_160313.csv
output/pred_20250120_160320.csv
output/pred_20250120_160327.csv
output/pred_20250120_160333.csv
output/pred_20250120_160340.csv
output/pred_20250120_160347.csv
output/pred_20250120_160354.csv
output/pred_20250120_160400.csv
output/pred_20250120_160407.csv
output/pred_20250120_160414.csv
output/pred_20250120_160421.csv
output/pred_20250120_160428.csv
output/pred_20250120_160435.csv
output/pred_20250120_160442.csv
output/pred_20250120_160449.csv
output/pred_20250120_160456.csv
output/pred_20250120_160502.csv
output/pred_20250120_160509.csv
output/pred_20250120_160516.csv
output/pred_20250120_160523.csv
output/pred_20250120_160530.csv
output/pred_20250120_160537.csv
output/pred_20250120_160543.csv
output/pred_20250120_160550.csv
output/pred_20250120_160557.csv
output/pred_20250120_160604.csv
output/pred_20250120_160610.csv
output/pred_20250120_160617.csv
output/pred_20250120_160624.csv
output/pred_20250120_160631.csv
output/pred_20250120_160638.csv
output/pred_20250120_160645.csv
output/pred_20250120_160652.csv
output/pred_20250120_160659.csv
output/pred_20250120_160705.csv
output/pred_20250120_160712.csv
output/pred_20250120_160719.csv
output/pred_20250120_160726.csv
output/pred_20250120_160732.csv
output/pred_20250120_160739.csv
output/pred_20250120_160746.csv
output/pred_20250120_160753.csv
output/pred_20250120_160800.csv
output/pred_20250120_160807.csv
output/pred_20250120_160814.csv
output/pred_20250120_160821.csv
output/pred_20250120_160827.csv
output/pred_20250120_160834.csv
output/pred_20250120_160841.csv
output/pred_20250120_160848.csv
output/pred_20250120_160855.csv
output/pred_20250120_160902.csv
output/pred_20250120_160909.csv
output/pred_20250120_160916.csv
output/pred_20250120_160923.csv
output/pred_20250120_160930.csv
output/pred_20250120_160937.csv
output/pred_20250120_160943.csv
output/pred_20250120_160950.csv
output/pred_20250120_160957.csv
output/pred_20250120_161004.csv
output/pred_20250120_161011.csv
output/pred_20250120_161018.csv
output/pred_20250120_161025.csv
output/pred_20250120_161032.csv
output/pred_20250120_161038.csv
output/pred_20250120_161045.csv
output/pred_20250120_161052.csv
output/pred_20250120_161059.csv
output/pred_20250120_161105.csv
output/pred_20250120_161112.csv
output/pred_20250120_161119.csv
output/pred_20250120_161126.csv
output/pred_20250120_161133.csv
output/pred_20250120_161140.csv
output/pred_20250120_161147.csv
output/pred_20250120_161154.csv
output/pred_20250120_161201.csv
output/pred_20250120_161208.csv
output/pred_20250120_161215.csv
output/pred_20250120_161221.csv
output/pred_20250120_161228.csv
output/pred_20250120_161235.csv
output/pred_20250120_161242.csv
output/pred_20250120_161249.csv
output/pred_20250120_161256.csv
output/pred_20250120_161303.csv
output/pred_20250120_161310.csv
output/pred_20250120_161317.csv
output/pred_20250120_161324.csv
output/pred_20250120_161331.csv
output/pred_20250120_161338.csv
output/pred_20250120_161345.csv
output/pred_20250120_161352.csv
output/pred_20250120_161358.csv
output/pred_20250120_161405.csv
output/pred_20250120_161412.csv
output/pred_20250120_161419.csv
output/pred_20250120_161426.csv
output/pred_20250120_161433.csv
output/pred_20250120_161440.csv
output/pred_20250120_161447.csv
output/pred_20250120_161454.csv
output/pred_20250120_161501.csv
output/pred_20250120_161508.csv
output/pred_20250120_161515.csv
output/pred_20250120_161522.csv
output/pred_20250120_161528.csv
output/pred_20250120_161535.csv
output/pred_20250120_161542.csv
output/pred_20250120_161549.csv
output/pred_20250120_161556.csv
output/pred_20250120_161603.csv
output/pred_20250120_161609.csv
output/pred_20250120_161616.csv
output/pred_20250120_161623.csv
output/pred_20250120_161630.csv
output/pred_20250120_161637.csv
output/pred_20250120_161644.csv
output/pred_20250120_161651.csv
output/pred_20250120_161658.csv
output/pred_20250120_161705.csv
output/pred_20250120_161711.csv
output/pred_20250120_161718.csv
output/pred_20250120_161725.csv
output/pred_20250120_161732.csv
output/pred_20250120_161738.csv
output/pred_20250120_161745.csv
output/pred_20250120_161752.csv
output/pred_20250120_161759.csv
output/pred_20250120_161806.csv
output/pred_20250120_161812.csv
output/pred_20250120_161819.csv
output/pred_20250120_161826.csv
output/pred_20250120_161833.csv
output/pred_20250120_161840.csv
output/pred_20250120_161847.csv
output/pred_20250120_161854.csv
output/pred_20250120_161900.csv
output/pred_20250120_161907.csv
output/pred_20250120_161914.csv
output/pred_20250120_161921.csv
output/pred_20250120_161928.csv
output/pred_20250120_161935.csv
output/pred_20250120_161942.csv
output/pred_20250120_161949.csv
output/pred_20250120_161956.csv
output/pred_20250120_162003.csv
output/pred_20250120_162010.csv
output/pred_20250120_162017.csv
output/pred_20250120_162023.csv
output/pred_20250120_162030.csv
output/pred_20250120_162037.csv
output/pred_20250120_162044.csv
output/pred_20250120_162051.csv
output/pred_20250120_162058.csv
output/pred_20250120_162105.csv
output/pred_20250120_162112.csv
output/pred_20250120_162119.csv
output/pred_20250120_162126.csv
output/pred_20250120_162132.csv
output/pred_20250120_162139.csv
output/pred_20250120_162146.csv
output/pred_20250120_162153.csv
output/pred_20250120_162200.csv
output/pred_20250120_162207.csv
output/pred_20250120_162214.csv
output/pred_20250120_162221.csv
output/pred_20250120_162228.csv
output/pred_20250120_162235.csv
output/pred_20250120_162242.csv
output/pred_20250120_162249.csv
